#
# There is insufficient memory for the Java Runtime Environment to continue.
# Native memory allocation (malloc) failed to allocate 862176 bytes for Chunk::new
# Possible reasons:
#   The system is out of physical RAM or swap space
#   The process is running with CompressedOops enabled, and the Java Heap may be blocking the growth of the native heap
# Possible solutions:
#   Reduce memory load on the system
#   Increase physical memory or swap space
#   Check if swap backing store is full
#   Decrease Java heap size (-Xmx/-Xms)
#   Decrease number of Java threads
#   Decrease Java thread stack sizes (-Xss)
#   Set larger code cache with -XX:ReservedCodeCacheSize=
#   JVM is running with Unscaled Compressed Oops mode in which the Java heap is
#     placed in the first 4GB address space. The Java Heap base address is the
#     maximum limit for the native heap growth. Please use -XX:HeapBaseMinAddress
#     to set the Java Heap base and to place the Java Heap above 4GB virtual address.
# This output file may be truncated or incomplete.
#
#  Out of Memory Error (allocation.cpp:389), pid=5932, tid=0x000000000000316c
#
# JRE version: OpenJDK Runtime Environment (8.0_202-b03) (build 1.8.0_202-release-1483-b03)
# Java VM: OpenJDK 64-Bit Server VM (25.202-b03 mixed mode windows-amd64 compressed oops)
# Failed to write core dump. Minidumps are not enabled by default on client versions of Windows
#

---------------  T H R E A D  ---------------

Current thread (0x0000000015fb9000):  JavaThread "C2 CompilerThread0" daemon [_thread_in_native, id=12652, stack(0x0000000017610000,0x0000000017710000)]

Stack: [0x0000000017610000,0x0000000017710000]
[error occurred during error reporting (printing stack bounds), id 0xc0000005]

Native frames: (J=compiled Java code, j=interpreted, Vv=VM code, C=native code)


Current CompileTask:
C2:3945469 27564       4       com.android.tools.r8.ir.conversion.N::a (5667 bytes)


---------------  P R O C E S S  ---------------

Java Threads: ( => current thread )
  0x000000001b8a7000 JavaThread "stdout" [_thread_in_native, id=6896, stack(0x0000000026fd0000,0x00000000270d0000)]
  0x000000001b8aa800 JavaThread "stderr" [_thread_in_native, id=9728, stack(0x0000000026ed0000,0x0000000026fd0000)]
  0x000000001b8a9000 JavaThread "pool-18-thread-1" [_thread_blocked, id=12260, stack(0x0000000026dd0000,0x0000000026ed0000)]
  0x000000001b8a4800 JavaThread "WorkerExecutor Queue Thread 2" [_thread_blocked, id=12588, stack(0x0000000026cd0000,0x0000000026dd0000)]
  0x000000001b8a6000 JavaThread "WorkerExecutor Queue" [_thread_blocked, id=2520, stack(0x0000000026bd0000,0x0000000026cd0000)]
  0x000000001b89d000 JavaThread "Cache worker for execution history cache (D:\TextRecognition\.gradle\5.4.1\executionHistory)" [_thread_blocked, id=7428, stack(0x0000000026ad0000,0x0000000026bd0000)]
  0x000000001b89f800 JavaThread "Execution worker for ':' Thread 3" [_thread_in_Java, id=5632, stack(0x00000000269d0000,0x0000000026ad0000)]
  0x000000001b8a3000 JavaThread "Execution worker for ':' Thread 2" [_thread_in_Java, id=11744, stack(0x00000000254e0000,0x00000000255e0000)]
  0x000000001b8a2800 JavaThread "Execution worker for ':'" [_thread_in_Java, id=13380, stack(0x00000000253e0000,0x00000000254e0000)]
  0x000000001b89c800 JavaThread "Cache worker for file content cache (D:\TextRecognition\.gradle\5.4.1\fileContent)" [_thread_blocked, id=7160, stack(0x00000000252e0000,0x00000000253e0000)]
  0x000000001b89b800 JavaThread "Cache worker for Build Output Cleanup Cache (D:\TextRecognition\.gradle\buildOutputCleanup)" [_thread_blocked, id=14044, stack(0x00000000251e0000,0x00000000252e0000)]
  0x000000001b8a1800 JavaThread "Build operations Thread 4" [_thread_blocked, id=736, stack(0x0000000024ee0000,0x0000000024fe0000)]
  0x000000001b89e800 JavaThread "Build operations Thread 3" [_thread_blocked, id=14208, stack(0x0000000024ce0000,0x0000000024de0000)]
  0x000000001b8a0000 JavaThread "Build operations Thread 2" [_thread_blocked, id=2908, stack(0x0000000023460000,0x0000000023560000)]
  0x000000001ed1e800 JavaThread "Build operations" [_thread_blocked, id=15208, stack(0x0000000022e80000,0x0000000022f80000)]
  0x000000001ed1d800 JavaThread "Cache worker for cache directory md-rule (C:\Users\User\.gradle\caches\5.4.1\md-rule)" [_thread_blocked, id=11236, stack(0x0000000020ee0000,0x0000000020fe0000)]
  0x000000001ed1d000 JavaThread "Cache worker for cache directory md-supplier (C:\Users\User\.gradle\caches\5.4.1\md-supplier)" [_thread_blocked, id=14412, stack(0x0000000020be0000,0x0000000020ce0000)]
  0x000000001ed1c000 JavaThread "Cache worker for file hash cache (D:\TextRecognition\.gradle\5.4.1\fileHashes)" [_thread_blocked, id=7552, stack(0x00000000206e0000,0x00000000207e0000)]
  0x000000001ed20800 JavaThread "Thread-153" [_thread_blocked, id=11300, stack(0x000000001fe30000,0x000000001ff30000)]
  0x000000001ed23000 JavaThread "Stdin handler" [_thread_blocked, id=13668, stack(0x000000001fd30000,0x000000001fe30000)]
  0x000000001ed22000 JavaThread "Asynchronous log dispatcher for DefaultDaemonConnection: socket connection from /127.0.0.1:61668 to /127.0.0.1:62356" [_thread_blocked, id=6516, stack(0x000000001d1b0000,0x000000001d2b0000)]
  0x000000001ed1a800 JavaThread "Daemon worker Thread 6" [_thread_in_Java, id=12464, stack(0x000000001c040000,0x000000001c140000)]
  0x000000001ed20000 JavaThread "Cancel handler" [_thread_blocked, id=13524, stack(0x000000001a870000,0x000000001a970000)]
  0x000000001ed21800 JavaThread "Handler for socket connection from /127.0.0.1:61668 to /127.0.0.1:62356" [_thread_in_native, id=15280, stack(0x000000001a570000,0x000000001a670000)]
  0x000000001ed1f000 JavaThread "Daemon Thread 6" [_thread_blocked, id=14716, stack(0x000000001a470000,0x000000001a570000)]
  0x000000001ed16800 JavaThread "Cache worker for Java compile cache (C:\Users\User\.gradle\caches\5.4.1\javaCompile)" [_thread_blocked, id=4800, stack(0x00000000272d0000,0x00000000273d0000)]
  0x000000001b8aa000 JavaThread "Cache worker for file content cache (C:\Users\User\.gradle\caches\5.4.1\fileContent)" [_thread_blocked, id=12560, stack(0x0000000024de0000,0x0000000024ee0000)]
  0x000000001b8a4000 JavaThread "Memory manager" [_thread_blocked, id=2456, stack(0x0000000022d80000,0x0000000022e80000)]
  0x000000001b89e000 JavaThread "Cache worker for execution history cache (C:\Users\User\.gradle\caches\5.4.1\executionHistory)" [_thread_blocked, id=3596, stack(0x000000001ffe0000,0x00000000200e0000)]
  0x0000000018a35000 JavaThread "Cache worker for journal cache (C:\Users\User\.gradle\caches\journal-1)" [_thread_blocked, id=12948, stack(0x000000001ab70000,0x000000001ac70000)]
  0x0000000018a2f000 JavaThread "File lock request listener" [_thread_in_native, id=13536, stack(0x000000001aa70000,0x000000001ab70000)]
  0x0000000017a45800 JavaThread "Cache worker for file hash cache (C:\Users\User\.gradle\caches\5.4.1\fileHashes)" [_thread_blocked, id=5404, stack(0x000000001a970000,0x000000001aa70000)]
  0x0000000017c11000 JavaThread "Daemon periodic checks" [_thread_blocked, id=5468, stack(0x0000000019f70000,0x000000001a070000)]
  0x00000000179e1800 JavaThread "Incoming local TCP Connector on port 61668" [_thread_in_native, id=6692, stack(0x0000000019d20000,0x0000000019e20000)]
  0x0000000018ef1800 JavaThread "Daemon health stats" [_thread_blocked, id=3752, stack(0x00000000196e0000,0x00000000197e0000)]
  0x0000000017945000 JavaThread "Service Thread" daemon [_thread_blocked, id=12024, stack(0x0000000017d10000,0x0000000017e10000)]
  0x0000000015fc9800 JavaThread "C1 CompilerThread2" daemon [_thread_blocked, id=9488, stack(0x0000000017810000,0x0000000017910000)]
  0x0000000015fc5000 JavaThread "C2 CompilerThread1" daemon [_thread_in_native, id=5708, stack(0x0000000017710000,0x0000000017810000)]
=>0x0000000015fb9000 JavaThread "C2 CompilerThread0" daemon [_thread_in_native, id=12652, stack(0x0000000017610000,0x0000000017710000)]
  0x0000000015fb6000 JavaThread "Attach Listener" daemon [_thread_blocked, id=13708, stack(0x0000000017510000,0x0000000017610000)]
  0x0000000015fb5000 JavaThread "Signal Dispatcher" daemon [_thread_blocked, id=1860, stack(0x0000000017410000,0x0000000017510000)]
  0x000000000263b800 JavaThread "Finalizer" daemon [_thread_blocked, id=7088, stack(0x0000000017200000,0x0000000017300000)]
  0x0000000015f99000 JavaThread "Reference Handler" daemon [_thread_blocked, id=1056, stack(0x0000000017100000,0x0000000017200000)]
  0x000000000253d800 JavaThread "main" [_thread_blocked, id=1260, stack(0x0000000002360000,0x0000000002460000)]

Other Threads:
  0x0000000015f75800 VMThread [stack: 0x0000000017000000,0x0000000017100000] [id=14604]
  0x0000000017946800 WatcherThread [stack: 0x0000000017e10000,0x0000000017f10000] [id=5728]

VM state:not at safepoint (normal execution)

VM Mutex/Monitor currently owned by a thread: None

heap address: 0x00000000a0000000, size: 1536 MB, Compressed Oops mode: 32-bit
Narrow klass base: 0x0000000000000000, Narrow klass shift: 3
Compressed class space size: 1073741824 Address: 0x0000000100000000

Heap:
 PSYoungGen      total 481280K, used 309140K [0x00000000e0000000, 0x0000000100000000, 0x0000000100000000)
  eden space 451584K, 61% used [0x00000000e0000000,0x00000000f1110c08,0x00000000fb900000)
  from space 29696K, 99% used [0x00000000fb900000,0x00000000fd5d4768,0x00000000fd600000)
  to   space 37888K, 0% used [0x00000000fdb00000,0x00000000fdb00000,0x0000000100000000)
 ParOldGen       total 187904K, used 80601K [0x00000000a0000000, 0x00000000ab780000, 0x00000000e0000000)
  object space 187904K, 42% used [0x00000000a0000000,0x00000000a4eb6650,0x00000000ab780000)
 Metaspace       used 105718K, capacity 110632K, committed 110924K, reserved 1146880K
  class space    used 13186K, capacity 14126K, committed 14208K, reserved 1048576K

Card table byte_map: [0x0000000011a00000,0x0000000011d10000] byte_map_base: 0x0000000011500000

Marking Bits: (ParMarkBitMap*) 0x000000005dbe9f30
 Begin Bits: [0x0000000012310000, 0x0000000013b10000)
 End Bits:   [0x0000000013b10000, 0x0000000015310000)

Polling page: 0x0000000002330000

CodeCache: size=245760Kb used=78642Kb max_used=78642Kb free=167117Kb
 bounds [0x0000000002640000, 0x0000000007380000, 0x0000000011640000]
 total_blobs=22203 nmethods=21270 adapters=842
 compilation: enabled

Compilation events (10 events):
Event: 3945.271 Thread 0x0000000015fc9800 27658       2       com.android.tools.r8.ir.code.ArrayPut::w0 (103 bytes)
Event: 3945.273 Thread 0x0000000015fc9800 nmethod 27658 0x000000000736c550 code [0x000000000736c7c0, 0x000000000736cda8]
Event: 3945.300 Thread 0x0000000015fc9800 27659       2       com.android.tools.r8.m.a.a.b.l2::a (215 bytes)
Event: 3945.303 Thread 0x0000000015fc9800 nmethod 27659 0x000000000736d290 code [0x000000000736d500, 0x000000000736e068]
Event: 3945.419 Thread 0x0000000015fc9800 27671       2       com.android.tools.r8.code.F1::a (1 bytes)
Event: 3945.420 Thread 0x0000000015fc9800 nmethod 27671 0x000000000736ea50 code [0x000000000736eba0, 0x000000000736ecf0]
Event: 3945.426 Thread 0x0000000015fc9800 27672 %     3       com.android.tools.r8.ir.optimize.CodeRewriter::a @ 51 (100 bytes)
Event: 3945.428 Thread 0x0000000015fc9800 nmethod 27672% 0x000000000736ed90 code [0x000000000736efe0, 0x000000000736fd28]
Event: 3945.430 Thread 0x0000000015fc9800 27674       1       com.android.tools.r8.ir.code.h0::b0 (2 bytes)
Event: 3945.430 Thread 0x0000000015fc9800 nmethod 27674 0x0000000007370210 code [0x0000000007370360, 0x0000000007370470]

GC Heap History (10 events):
Event: 3933.437 GC heap before
{Heap before GC invocations=47 (full 4):
 PSYoungGen      total 489472K, used 482751K [0x00000000e0000000, 0x0000000100000000, 0x0000000100000000)
  eden space 457728K, 100% used [0x00000000e0000000,0x00000000fbf00000,0x00000000fbf00000)
  from space 31744K, 78% used [0x00000000fdf00000,0x00000000ff76fd78,0x00000000ffe00000)
  to   space 32768K, 0% used [0x00000000fbf00000,0x00000000fbf00000,0x00000000fdf00000)
 ParOldGen       total 187904K, used 79225K [0x00000000a0000000, 0x00000000ab780000, 0x00000000e0000000)
  object space 187904K, 42% used [0x00000000a0000000,0x00000000a4d5e620,0x00000000ab780000)
 Metaspace       used 105650K, capacity 110600K, committed 110924K, reserved 1146880K
  class space    used 13182K, capacity 14094K, committed 14208K, reserved 1048576K
Event: 3933.476 GC heap after
Heap after GC invocations=47 (full 4):
 PSYoungGen      total 490496K, used 25354K [0x00000000e0000000, 0x0000000100000000, 0x0000000100000000)
  eden space 457728K, 0% used [0x00000000e0000000,0x00000000e0000000,0x00000000fbf00000)
  from space 32768K, 77% used [0x00000000fbf00000,0x00000000fd7c2b40,0x00000000fdf00000)
  to   space 33792K, 0% used [0x00000000fdf00000,0x00000000fdf00000,0x0000000100000000)
 ParOldGen       total 187904K, used 79225K [0x00000000a0000000, 0x00000000ab780000, 0x00000000e0000000)
  object space 187904K, 42% used [0x00000000a0000000,0x00000000a4d5e620,0x00000000ab780000)
 Metaspace       used 105650K, capacity 110600K, committed 110924K, reserved 1146880K
  class space    used 13182K, capacity 14094K, committed 14208K, reserved 1048576K
}
Event: 3935.441 GC heap before
{Heap before GC invocations=48 (full 4):
 PSYoungGen      total 490496K, used 483082K [0x00000000e0000000, 0x0000000100000000, 0x0000000100000000)
  eden space 457728K, 100% used [0x00000000e0000000,0x00000000fbf00000,0x00000000fbf00000)
  from space 32768K, 77% used [0x00000000fbf00000,0x00000000fd7c2b40,0x00000000fdf00000)
  to   space 33792K, 0% used [0x00000000fdf00000,0x00000000fdf00000,0x0000000100000000)
 ParOldGen       total 187904K, used 79225K [0x00000000a0000000, 0x00000000ab780000, 0x00000000e0000000)
  object space 187904K, 42% used [0x00000000a0000000,0x00000000a4d5e620,0x00000000ab780000)
 Metaspace       used 105675K, capacity 110600K, committed 110924K, reserved 1146880K
  class space    used 13182K, capacity 14094K, committed 14208K, reserved 1048576K
Event: 3935.479 GC heap after
Heap after GC invocations=48 (full 4):
 PSYoungGen      total 488448K, used 26005K [0x00000000e0000000, 0x0000000100000000, 0x0000000100000000)
  eden space 454656K, 0% used [0x00000000e0000000,0x00000000e0000000,0x00000000fbc00000)
  from space 33792K, 76% used [0x00000000fdf00000,0x00000000ff8656a8,0x0000000100000000)
  to   space 34816K, 0% used [0x00000000fbc00000,0x00000000fbc00000,0x00000000fde00000)
 ParOldGen       total 187904K, used 79225K [0x00000000a0000000, 0x00000000ab780000, 0x00000000e0000000)
  object space 187904K, 42% used [0x00000000a0000000,0x00000000a4d5e620,0x00000000ab780000)
 Metaspace       used 105675K, capacity 110600K, committed 110924K, reserved 1146880K
  class space    used 13182K, capacity 14094K, committed 14208K, reserved 1048576K
}
Event: 3938.770 GC heap before
{Heap before GC invocations=49 (full 4):
 PSYoungGen      total 488448K, used 480661K [0x00000000e0000000, 0x0000000100000000, 0x0000000100000000)
  eden space 454656K, 100% used [0x00000000e0000000,0x00000000fbc00000,0x00000000fbc00000)
  from space 33792K, 76% used [0x00000000fdf00000,0x00000000ff8656a8,0x0000000100000000)
  to   space 34816K, 0% used [0x00000000fbc00000,0x00000000fbc00000,0x00000000fde00000)
 ParOldGen       total 187904K, used 79225K [0x00000000a0000000, 0x00000000ab780000, 0x00000000e0000000)
  object space 187904K, 42% used [0x00000000a0000000,0x00000000a4d5e620,0x00000000ab780000)
 Metaspace       used 105692K, capacity 110600K, committed 110924K, reserved 1146880K
  class space    used 13183K, capacity 14094K, committed 14208K, reserved 1048576K
Event: 3938.877 GC heap after
Heap after GC invocations=49 (full 4):
 PSYoungGen      total 481280K, used 26583K [0x00000000e0000000, 0x0000000100000000, 0x0000000100000000)
  eden space 454656K, 0% used [0x00000000e0000000,0x00000000e0000000,0x00000000fbc00000)
  from space 26624K, 99% used [0x00000000fbc00000,0x00000000fd5f5f58,0x00000000fd600000)
  to   space 35328K, 0% used [0x00000000fdd80000,0x00000000fdd80000,0x0000000100000000)
 ParOldGen       total 187904K, used 79225K [0x00000000a0000000, 0x00000000ab780000, 0x00000000e0000000)
  object space 187904K, 42% used [0x00000000a0000000,0x00000000a4d5e620,0x00000000ab780000)
 Metaspace       used 105692K, capacity 110600K, committed 110924K, reserved 1146880K
  class space    used 13183K, capacity 14094K, committed 14208K, reserved 1048576K
}
Event: 3941.971 GC heap before
{Heap before GC invocations=50 (full 4):
 PSYoungGen      total 481280K, used 481239K [0x00000000e0000000, 0x0000000100000000, 0x0000000100000000)
  eden space 454656K, 100% used [0x00000000e0000000,0x00000000fbc00000,0x00000000fbc00000)
  from space 26624K, 99% used [0x00000000fbc00000,0x00000000fd5f5f58,0x00000000fd600000)
  to   space 35328K, 0% used [0x00000000fdd80000,0x00000000fdd80000,0x0000000100000000)
 ParOldGen       total 187904K, used 79225K [0x00000000a0000000, 0x00000000ab780000, 0x00000000e0000000)
  object space 187904K, 42% used [0x00000000a0000000,0x00000000a4d5e620,0x00000000ab780000)
 Metaspace       used 105711K, capacity 110600K, committed 110924K, reserved 1146880K
  class space    used 13185K, capacity 14094K, committed 14208K, reserved 1048576K
Event: 3942.047 GC heap after
Heap after GC invocations=50 (full 4):
 PSYoungGen      total 486912K, used 27599K [0x00000000e0000000, 0x0000000100000000, 0x0000000100000000)
  eden space 451584K, 0% used [0x00000000e0000000,0x00000000e0000000,0x00000000fb900000)
  from space 35328K, 78% used [0x00000000fdd80000,0x00000000ff873f28,0x0000000100000000)
  to   space 36352K, 0% used [0x00000000fb900000,0x00000000fb900000,0x00000000fdc80000)
 ParOldGen       total 187904K, used 79257K [0x00000000a0000000, 0x00000000ab780000, 0x00000000e0000000)
  object space 187904K, 42% used [0x00000000a0000000,0x00000000a4d66620,0x00000000ab780000)
 Metaspace       used 105711K, capacity 110600K, committed 110924K, reserved 1146880K
  class space    used 13185K, capacity 14094K, committed 14208K, reserved 1048576K
}
Event: 3944.532 GC heap before
{Heap before GC invocations=51 (full 4):
 PSYoungGen      total 486912K, used 479183K [0x00000000e0000000, 0x0000000100000000, 0x0000000100000000)
  eden space 451584K, 100% used [0x00000000e0000000,0x00000000fb900000,0x00000000fb900000)
  from space 35328K, 78% used [0x00000000fdd80000,0x00000000ff873f28,0x0000000100000000)
  to   space 36352K, 0% used [0x00000000fb900000,0x00000000fb900000,0x00000000fdc80000)
 ParOldGen       total 187904K, used 79257K [0x00000000a0000000, 0x00000000ab780000, 0x00000000e0000000)
  object space 187904K, 42% used [0x00000000a0000000,0x00000000a4d66620,0x00000000ab780000)
 Metaspace       used 105716K, capacity 110632K, committed 110924K, reserved 1146880K
  class space    used 13186K, capacity 14126K, committed 14208K, reserved 1048576K
Event: 3944.677 GC heap after
Heap after GC invocations=51 (full 4):
 PSYoungGen      total 481280K, used 29521K [0x00000000e0000000, 0x0000000100000000, 0x0000000100000000)
  eden space 451584K, 0% used [0x00000000e0000000,0x00000000e0000000,0x00000000fb900000)
  from space 29696K, 99% used [0x00000000fb900000,0x00000000fd5d4768,0x00000000fd600000)
  to   space 37888K, 0% used [0x00000000fdb00000,0x00000000fdb00000,0x0000000100000000)
 ParOldGen       total 187904K, used 80601K [0x00000000a0000000, 0x00000000ab780000, 0x00000000e0000000)
  object space 187904K, 42% used [0x00000000a0000000,0x00000000a4eb6650,0x00000000ab780000)
 Metaspace       used 105716K, capacity 110632K, committed 110924K, reserved 1146880K
  class space    used 13186K, capacity 14126K, committed 14208K, reserved 1048576K
}

Deoptimization events (10 events):
Event: 3932.980 Thread 0x000000001b89f800 Uncommon trap: reason=array_check action=maybe_recompile pc=0x00000000065c852c method=java.util.TimSort.mergeHi(IIII)V @ 419
Event: 3937.095 Thread 0x000000001b8a3000 Uncommon trap: reason=unstable_if action=reinterpret pc=0x0000000005baf9ac method=com.android.tools.r8.ir.regalloc.LinearScanRegisterAllocator.b(Lcom/android/tools/r8/ir/regalloc/LiveIntervals;)Z @ 17
Event: 3937.104 Thread 0x000000001b8a3000 Uncommon trap: reason=unstable_if action=reinterpret pc=0x0000000002a88dac method=com.android.tools.r8.ir.regalloc.LinearScanRegisterAllocator.b(Lcom/android/tools/r8/ir/regalloc/LiveIntervals;)Z @ 17
Event: 3941.852 Thread 0x000000001b89f800 Uncommon trap: reason=unstable_if action=reinterpret pc=0x0000000004c6a3c4 method=java.util.concurrent.ConcurrentHashMap.replaceNode(Ljava/lang/Object;Ljava/lang/Object;Ljava/lang/Object;)Ljava/lang/Object; @ 99
Event: 3944.309 Thread 0x000000001b8a3000 Uncommon trap: reason=null_check action=make_not_entrant pc=0x00000000072aaebc method=com.android.tools.r8.m.a.a.b.j.b(Ljava/lang/Object;I)I @ 35
Event: 3944.750 Thread 0x000000001b8a2800 Uncommon trap: reason=predicate action=maybe_recompile pc=0x0000000007335880 method=com.android.tools.r8.m.a.a.b.l2.a(I[Ljava/util/Map$Entry;)Lcom/android/tools/r8/m/a/a/b/l2; @ 59
Event: 3945.137 Thread 0x000000001ed1a800 Uncommon trap: reason=array_check action=maybe_recompile pc=0x000000000735fa2c method=com.android.tools.r8.m.a.a.b.l2.a(I[Ljava/util/Map$Entry;)Lcom/android/tools/r8/m/a/a/b/l2; @ 193
Event: 3945.162 Thread 0x000000001b8a2800 Uncommon trap: reason=array_check action=maybe_recompile pc=0x000000000735fa2c method=com.android.tools.r8.m.a.a.b.l2.a(I[Ljava/util/Map$Entry;)Lcom/android/tools/r8/m/a/a/b/l2; @ 193
Event: 3945.198 Thread 0x000000001b89f800 Uncommon trap: reason=array_check action=maybe_recompile pc=0x000000000735fa2c method=com.android.tools.r8.m.a.a.b.l2.a(I[Ljava/util/Map$Entry;)Lcom/android/tools/r8/m/a/a/b/l2; @ 193
Event: 3945.204 Thread 0x000000001b89f800 Uncommon trap: reason=array_check action=maybe_recompile pc=0x000000000735fa2c method=com.android.tools.r8.m.a.a.b.l2.a(I[Ljava/util/Map$Entry;)Lcom/android/tools/r8/m/a/a/b/l2; @ 193

Classes redefined (0 events):
No events

Internal exceptions (10 events):
Event: 3941.796 Thread 0x000000001b8a3000 Exception <a 'sun/nio/fs/WindowsException'> (0x00000000f958b990) thrown at [D:\src\AOSP-openjdk-cygwin\jdk8u\hotspot\src\share\vm\prims\jni.cpp, line 710]
Event: 3941.896 Thread 0x000000001b89f800 Exception <a 'sun/nio/fs/WindowsException'> (0x00000000fa5b1b38) thrown at [D:\src\AOSP-openjdk-cygwin\jdk8u\hotspot\src\share\vm\prims\jni.cpp, line 710]
Event: 3942.103 Thread 0x000000001b89f800 Exception <a 'sun/nio/fs/WindowsException'> (0x00000000e14b4c30) thrown at [D:\src\AOSP-openjdk-cygwin\jdk8u\hotspot\src\share\vm\prims\jni.cpp, line 710]
Event: 3942.122 Thread 0x000000001ed1a800 Exception <a 'sun/nio/fs/WindowsException'> (0x00000000e0c3bd58) thrown at [D:\src\AOSP-openjdk-cygwin\jdk8u\hotspot\src\share\vm\prims\jni.cpp, line 710]
Event: 3942.219 Thread 0x000000001b89f800 Exception <a 'sun/nio/fs/WindowsException'> (0x00000000e156c370) thrown at [D:\src\AOSP-openjdk-cygwin\jdk8u\hotspot\src\share\vm\prims\jni.cpp, line 710]
Event: 3942.281 Thread 0x000000001b8a3000 Exception <a 'sun/nio/fs/WindowsException'> (0x00000000e1a93d28) thrown at [D:\src\AOSP-openjdk-cygwin\jdk8u\hotspot\src\share\vm\prims\jni.cpp, line 710]
Event: 3942.491 Thread 0x000000001b89f800 Exception <a 'sun/nio/fs/WindowsException'> (0x00000000e4992ae8) thrown at [D:\src\AOSP-openjdk-cygwin\jdk8u\hotspot\src\share\vm\prims\jni.cpp, line 710]
Event: 3942.716 Thread 0x000000001ed1a800 Exception <a 'sun/nio/fs/WindowsException'> (0x00000000e6f2e788) thrown at [D:\src\AOSP-openjdk-cygwin\jdk8u\hotspot\src\share\vm\prims\jni.cpp, line 710]
Event: 3942.976 Thread 0x000000001b89f800 Exception <a 'sun/nio/fs/WindowsException'> (0x00000000ea4a15f0) thrown at [D:\src\AOSP-openjdk-cygwin\jdk8u\hotspot\src\share\vm\prims\jni.cpp, line 710]
Event: 3944.309 Thread 0x000000001b8a3000 Implicit null exception at 0x00000000072aae2c to 0x00000000072aaeaa

Events (10 events):
Event: 3945.204 Thread 0x000000001b89f800 DEOPT PACKING pc=0x000000000735fa2c sp=0x0000000026acb410
Event: 3945.204 Thread 0x000000001b89f800 DEOPT UNPACKING pc=0x000000000268557b sp=0x0000000026acb3a0 mode 2
Event: 3945.373 Thread 0x000000001b8a2800 DEOPT PACKING pc=0x00000000071abfc6 sp=0x00000000254dc040
Event: 3945.373 Thread 0x000000001b8a2800 DEOPT UNPACKING pc=0x00000000026875d0 sp=0x00000000254dbdb8 mode 0
Event: 3945.376 Thread 0x000000001b8a2800 DEOPT PACKING pc=0x00000000071abfc6 sp=0x00000000254dc050
Event: 3945.376 Thread 0x000000001b8a2800 DEOPT UNPACKING pc=0x00000000026875d0 sp=0x00000000254dbdc8 mode 0
Event: 3945.380 Thread 0x000000001b8a2800 DEOPT PACKING pc=0x00000000071abfc6 sp=0x00000000254dc060
Event: 3945.380 Thread 0x000000001b8a2800 DEOPT UNPACKING pc=0x00000000026875d0 sp=0x00000000254dbdd8 mode 0
Event: 3945.383 Thread 0x000000001b8a2800 DEOPT PACKING pc=0x00000000071abfc6 sp=0x00000000254dc060
Event: 3945.383 Thread 0x000000001b8a2800 DEOPT UNPACKING pc=0x00000000026875d0 sp=0x00000000254dbdd8 mode 0


Dynamic libraries:
0x00007ff62f830000 - 0x00007ff62f861000 	D:\Android Studio\jre\bin\java.exe
0x00007ffb304e0000 - 0x00007ffb306d0000 	C:\WINDOWS\SYSTEM32\ntdll.dll
0x00007ffaf9760000 - 0x00007ffaf9775000 	C:\Program Files\AVAST Software\Avast\aswhook.dll
0x00007ffb30160000 - 0x00007ffb30212000 	C:\WINDOWS\System32\KERNEL32.DLL
0x00007ffb2df70000 - 0x00007ffb2e213000 	C:\WINDOWS\System32\KERNELBASE.dll
0x00007ffb2ee20000 - 0x00007ffb2eec3000 	C:\WINDOWS\System32\ADVAPI32.dll
0x00007ffb2f870000 - 0x00007ffb2f90e000 	C:\WINDOWS\System32\msvcrt.dll
0x00007ffb2f9c0000 - 0x00007ffb2fa57000 	C:\WINDOWS\System32\sechost.dll
0x00007ffb2eed0000 - 0x00007ffb2eff0000 	C:\WINDOWS\System32\RPCRT4.dll
0x00007ffb30230000 - 0x00007ffb303c4000 	C:\WINDOWS\System32\USER32.dll
0x00007ffb2e4c0000 - 0x00007ffb2e4e1000 	C:\WINDOWS\System32\win32u.dll
0x00007ffb2ed40000 - 0x00007ffb2ed66000 	C:\WINDOWS\System32\GDI32.dll
0x00007ffb2ddd0000 - 0x00007ffb2df64000 	C:\WINDOWS\System32\gdi32full.dll
0x00007ffb2e550000 - 0x00007ffb2e5ee000 	C:\WINDOWS\System32\msvcp_win.dll
0x00007ffb2e220000 - 0x00007ffb2e31a000 	C:\WINDOWS\System32\ucrtbase.dll
0x00007ffb1be70000 - 0x00007ffb1c0f5000 	C:\WINDOWS\WinSxS\amd64_microsoft.windows.common-controls_6595b64144ccf1df_6.0.18362.720_none_e6beb5c51314836b\COMCTL32.dll
0x00007ffb2fc10000 - 0x00007ffb2ff46000 	C:\WINDOWS\System32\combase.dll
0x00007ffb2d580000 - 0x00007ffb2d600000 	C:\WINDOWS\System32\bcryptPrimitives.dll
0x00007ffb2fbe0000 - 0x00007ffb2fc0e000 	C:\WINDOWS\System32\IMM32.DLL
0x000000005d340000 - 0x000000005d412000 	D:\Android Studio\jre\jre\bin\msvcr100.dll
0x000000005d420000 - 0x000000005dc66000 	D:\Android Studio\jre\jre\bin\server\jvm.dll
0x00007ffb2fa60000 - 0x00007ffb2fa68000 	C:\WINDOWS\System32\PSAPI.DLL
0x00007ffb1fea0000 - 0x00007ffb1fea9000 	C:\WINDOWS\SYSTEM32\WSOCK32.dll
0x00007ffb30020000 - 0x00007ffb3008f000 	C:\WINDOWS\System32\WS2_32.dll
0x00007ffb2b3b0000 - 0x00007ffb2b3d4000 	C:\WINDOWS\SYSTEM32\WINMM.dll
0x00007ffb25db0000 - 0x00007ffb25dba000 	C:\WINDOWS\SYSTEM32\VERSION.dll
0x00007ffb2af30000 - 0x00007ffb2af5d000 	C:\WINDOWS\SYSTEM32\WINMMBASE.dll
0x00007ffb2dd80000 - 0x00007ffb2ddca000 	C:\WINDOWS\System32\cfgmgr32.dll
0x00007ffb2b4f0000 - 0x00007ffb2b4ff000 	D:\Android Studio\jre\jre\bin\verify.dll
0x00007ffb254f0000 - 0x00007ffb25519000 	D:\Android Studio\jre\jre\bin\java.dll
0x00007ffb28270000 - 0x00007ffb28286000 	D:\Android Studio\jre\jre\bin\zip.dll
0x00007ffb2e5f0000 - 0x00007ffb2ecd5000 	C:\WINDOWS\System32\SHELL32.dll
0x00007ffb2ed70000 - 0x00007ffb2ee19000 	C:\WINDOWS\System32\shcore.dll
0x00007ffb2d600000 - 0x00007ffb2dd80000 	C:\WINDOWS\System32\windows.storage.dll
0x00007ffb2d410000 - 0x00007ffb2d433000 	C:\WINDOWS\System32\profapi.dll
0x00007ffb2d460000 - 0x00007ffb2d4aa000 	C:\WINDOWS\System32\powrprof.dll
0x00007ffb2d400000 - 0x00007ffb2d410000 	C:\WINDOWS\System32\UMPDC.dll
0x00007ffb2eff0000 - 0x00007ffb2f042000 	C:\WINDOWS\System32\shlwapi.dll
0x00007ffb2d440000 - 0x00007ffb2d451000 	C:\WINDOWS\System32\kernel.appcore.dll
0x00007ffb2e350000 - 0x00007ffb2e367000 	C:\WINDOWS\System32\cryptsp.dll
0x00007ffb28240000 - 0x00007ffb2825a000 	D:\Android Studio\jre\jre\bin\net.dll
0x00007ffb2cc10000 - 0x00007ffb2cc77000 	C:\WINDOWS\system32\mswsock.dll
0x00007ffb27cf0000 - 0x00007ffb27d01000 	D:\Android Studio\jre\jre\bin\nio.dll
0x00007ffaf7e30000 - 0x00007ffaf7e56000 	C:\Users\User\.gradle\native\29\windows-amd64\native-platform.dll
0x00007ffb29ce0000 - 0x00007ffb29ced000 	D:\Android Studio\jre\jre\bin\management.dll
0x00007ffb2c780000 - 0x00007ffb2c7b3000 	C:\WINDOWS\system32\rsaenh.dll
0x00007ffb2e320000 - 0x00007ffb2e346000 	C:\WINDOWS\System32\bcrypt.dll
0x00007ffb2d320000 - 0x00007ffb2d345000 	C:\WINDOWS\SYSTEM32\USERENV.dll
0x00007ffb2cde0000 - 0x00007ffb2cdec000 	C:\WINDOWS\SYSTEM32\CRYPTBASE.dll
0x00007ffb2c920000 - 0x00007ffb2c95a000 	C:\WINDOWS\SYSTEM32\IPHLPAPI.DLL
0x00007ffb30220000 - 0x00007ffb30228000 	C:\WINDOWS\System32\NSI.dll
0x00007ffb24ee0000 - 0x00007ffb24ef6000 	C:\WINDOWS\SYSTEM32\dhcpcsvc6.DLL
0x00007ffb251e0000 - 0x00007ffb251fc000 	C:\WINDOWS\SYSTEM32\dhcpcsvc.DLL
0x00007ffb2c960000 - 0x00007ffb2ca2a000 	C:\WINDOWS\SYSTEM32\DNSAPI.dll
0x00007ffaffcf0000 - 0x00007ffaffd14000 	D:\Android Studio\jre\jre\bin\sunec.dll
0x00007ffb21800000 - 0x00007ffb2180b000 	D:\Android Studio\jre\jre\bin\sunmscapi.dll
0x00007ffb2e370000 - 0x00007ffb2e4b9000 	C:\WINDOWS\System32\CRYPT32.dll
0x00007ffb2d4b0000 - 0x00007ffb2d4c2000 	C:\WINDOWS\System32\MSASN1.dll
0x0000000063560000 - 0x0000000063569000 	C:\Program Files\National Instruments\Shared\mDNS Responder\nimdnsNSP.dll
0x0000000063550000 - 0x000000006355e000 	C:\WINDOWS\SYSTEM32\nimdnsResponder.dll
0x000000005e3d0000 - 0x000000005e473000 	C:\WINDOWS\WinSxS\amd64_microsoft.vc90.crt_1fc8b3b9a1e18e3b_9.0.30729.9619_none_08e065a3a84109b0\MSVCR90.dll
0x00007ffb22230000 - 0x00007ffb2223a000 	C:\Windows\System32\rasadhlp.dll
0x00007ffb24e00000 - 0x00007ffb24e77000 	C:\WINDOWS\System32\fwpuclnt.dll
0x00007ffb2c460000 - 0x00007ffb2c491000 	C:\WINDOWS\SYSTEM32\ntmarta.dll

VM Arguments:
jvm_args: -Xmx1536m -Dfile.encoding=windows-1251 -Duser.country=RU -Duser.language=ru -Duser.variant 
java_command: org.gradle.launcher.daemon.bootstrap.GradleDaemon 5.4.1
java_class_path (initial): C:\Users\User\.gradle\wrapper\dists\gradle-5.4.1-all\3221gyojl5jsh0helicew7rwx\gradle-5.4.1\lib\gradle-launcher-5.4.1.jar
Launcher Type: SUN_STANDARD

Environment Variables:
PATH=C:\WINDOWS\system32;C:\WINDOWS;C:\WINDOWS\System32\Wbem;C:\WINDOWS\System32\WindowsPowerShell\v1.0\;C:\WINDOWS\System32\OpenSSH\;C:\Program Files\PuTTY\;C:\Program Files (x86)\NVIDIA Corporation\PhysX\Common;C:\Program Files\Git\cmd;D:\QTSystem\;C:\Program Files\Microsoft SQL Server\Client SDK\ODBC\130\Tools\Binn\;C:\Program Files (x86)\Microsoft SQL Server\140\Tools\Binn\;C:\Program Files\Microsoft SQL Server\140\Tools\Binn\;C:\Program Files\Microsoft SQL Server\140\DTS\Binn\;C:\Program Files (x86)\Microsoft SQL Server\150\DTS\Binn\;C:\Program Files\Microsoft SQL Server\130\Tools\Binn\;C:\Program Files (x86)\Microsoft SQL Server\110\DTS\Binn\;C:\Program Files (x86)\Microsoft SQL Server\120\DTS\Binn\;C:\Program Files (x86)\Microsoft SQL Server\130\DTS\Binn\;C:\Program Files (x86)\Microsoft SQL Server\140\DTS\Binn\;C:\Program Files\Java\jdk1.8.0_101\bin;C:\Users\User\AppData\Local\Microsoft\WindowsApps;C:\Users\User\AppData\Local\atom\bin;D:\Program Files\IntelliJ IDEA Community Edition 2019.3.3\bin;
USERNAME=User
OS=Windows_NT
PROCESSOR_IDENTIFIER=Intel64 Family 6 Model 42 Stepping 7, GenuineIntel



---------------  S Y S T E M  ---------------

OS: Windows 10.0 , 64 bit Build 18362 (10.0.18362.329)

CPU:total 4 (initial active 4) (2 cores per cpu, 2 threads per core) family 6 model 42 stepping 7, cmov, cx8, fxsr, mmx, sse, sse2, sse3, ssse3, sse4.1, sse4.2, popcnt, avx, clmul, ht, tsc, tscinvbit

Memory: 4k page, physical 8236908k(757336k free), swap 10334060k(15252k free)

vm_info: OpenJDK 64-Bit Server VM (25.202-b03) for windows-amd64 JRE (1.8.0_202-release-1483-b03), built by "builder" with MS VC++ 10.0 (VS2010)

time: Fri Apr 03 21:23:32 2020
timezone: RTZ 2 (зима)
elapsed time: 3945 seconds (0d 1h 5m 45s)

